<?xml version="1.0" encoding="UTF-8"?><testsuite errors="1" failures="0" name="Login page scenarios" skipped="0" tests="1" time="43.12" timestamp="2018-08-13T11:17:08.976-05:00[America/Bogota]"><testcase name="User is not allowed to login with invalid credentials"><error message="The following error occurred: Can't locate an element by this strategy: Locator map: &#10;- native content: &quot;By.chained({By.xpath: //android.widget.EditText})&quot; &#10;- html content: &quot;by id or name &quot;WPEmailAddressField&quot;&quot;&#10;For documentation on this error, please visit: http://seleniumhq.org/exceptions/no_such_element.html&#10;Build info: version: '3.7.1', revision: '8a0099a', time: '2017-11-06T21:01:39.354Z'&#10;System info: host: 'PSLT3390', ip: '169.254.121.175', os.name: 'Windows 10', os.arch: 'x86', os.version: '10.0', java.version: '1.8.0_152'&#10;Driver info: driver.version: unknown" type="org.openqa.selenium.NoSuchElementException">The following error occurred: Can't locate an element by this strategy: Locator map: 
- native content: "By.chained({By.xpath: //android.widget.EditText})" 
- html content: "by id or name "WPEmailAddressField""
For documentation on this error, please visit: http://seleniumhq.org/exceptions/no_such_element.html
Build info: version: '3.7.1', revision: '8a0099a', time: '2017-11-06T21:01:39.354Z'
System info: host: 'PSLT3390', ip: '169.254.121.175', os.name: 'Windows 10', os.arch: 'x86', os.version: '10.0', java.version: '1.8.0_152'
Driver info: driver.version: unknown</error><system-err>The following error occurred: Can't locate an element by this strategy: Locator map: 
- native content: "By.chained({By.xpath: //android.widget.EditText})" 
- html content: "by id or name "WPEmailAddressField""
For documentation on this error, please visit: http://seleniumhq.org/exceptions/no_such_element.html
Build info: version: '3.7.1', revision: '8a0099a', time: '2017-11-06T21:01:39.354Z'
System info: host: 'PSLT3390', ip: '169.254.121.175', os.name: 'Windows 10', os.arch: 'x86', os.version: '10.0', java.version: '1.8.0_152'
Driver info: driver.version: unknown&#13;
io.appium.java_client.pagefactory.AppiumElementLocator.findElement(AppiumElementLocator.java:102)&#13;
io.appium.java_client.pagefactory.interceptors.InterceptorOfASingleElement.intercept(InterceptorOfASingleElement.java:61)&#13;
integration.pages.WordPressLoginPage.enterInvalidEmailIdWPLoginPage(WordPressLoginPage.java:55)&#13;
integration.serenitySteps.WordPressLoginSteps.enterLoginData(WordPressLoginSteps.java:20)&#13;
integration.cucumer.WordPressLoginScenarioSteps.enterInvalidData(WordPressLoginScenarioSteps.java:22)&#13;
cucumber.runner.Runner.runPickle(Runner.java:80)&#13;
</system-err></testcase></testsuite>