<?xml version="1.0" encoding="UTF-8"?><testsuite errors="1" failures="0" name="Search for movies" skipped="0" tests="1" time="44.98" timestamp="2018-08-13T13:30:11.843-05:00[America/Bogota]"><testcase name="User want to save all ballet,opera and teatro listed movies"><error type="java.lang.IllegalMonitorStateException"/><system-err>null&#13;
integration.pages.CineColombiaHomePage.getMoviesFromOption(CineColombiaHomePage.java:100)&#13;
integration.pages.CineColombiaHomePage.getPlays(CineColombiaHomePage.java:77)&#13;
integration.steps.CineColombiaHomeSteps.loginPageInvalidDataInput(CineColombiaHomeSteps.java:16)&#13;
integration.cucumber.CineColombiaScenarioSteps.gotoLoginPage(CineColombiaScenarioSteps.java:17)&#13;
✽.User is on home page(src/test/java/integration/resources/features/search_movies.feature:4)&#13;
</system-err></testcase></testsuite>